<?xml version="1.0" encoding="UTF-8"?>
<!-- Generated by org.testng.reporters.JUnitReportReporter -->
<testsuite hostname="PA155882" failures="0" tests="2" name="TestNgFile" time="2.990" errors="0" timestamp="05 Aug 2019 18:53:59 GMT" skipped="0">
  <testcase classname="TestNgFile" name="register" time="1.516"/>
  <testcase classname="TestNgFile" name="support" time="1.474"/>
</testsuite> <!-- TestNgFile -->
